2018-05-10 11:02:57 - 57cqucjA.D.p100418e2A.D.kqcb2oi0r:1.RetrieveUser:HttpContext.Current.Session:scqucjgpdffyemgkqcbmoifr
2018-05-10 11:02:57 - 57cqucjA.D.p100518e2A.D.kqcb2oi0r:2.RetrieveUser:HttpContext.Current.Session:
Expires:01/01/0001 00:00:00
Data:7ADE2BE8706C13A24A440F1C63DD1E328DE4F8AD5DA9D6E025AD5CE56B5E1744ECDCE1E3BE5478BFB0728B051FA1B43905A5DAE9B91BF524E9319FD96AD807145C01FC04D8FC6FEC7A25BF85B18F81A5CD0BBE5C07B9CEC8DD401E2B7C3FE57DF7F380A9EC67F31728B7E13E548F2E6202EF0FB07D669A54EDC03932FF8E7F952FE330D0DF92630FED0BBD63DDB4605D9B903A7343B069B7B8F10AC0E026C0D9
Expired:False
Name:ADMIN@LOCALHOST
Name:ADMIN@LOCALHOST
IsAuthenticated:True
2018-05-10 11:02:57 - 57cqucjA.D.p101518e2A.D.kqcb2oi1r:8.SignIn:ADMIN@LOCALHOST - scqucjgpdffyemgkqcbmoifr
2018-05-10 11:03:22 - 22cqucjA.D.p109818e3A.D.kqcb3oi9r:1.RetrieveUser:HttpContext.Current.Session:scqucjgpdffyemgkqcbmoifr
2018-05-10 11:03:22 - 22cqucjA.D.p109818e3A.D.kqcb3oi9r:2.RetrieveUser:HttpContext.Current.Session:System.Data.Entity.DynamicProxies.UserLogin_9D0972F23C7A12C3F66AF7F2A5BD6C3B13088F99F2498F1E659DB4BB14BB6122
Expires:01/01/0001 00:00:00
Data:7ADE2BE8706C13A24A440F1C63DD1E328DE4F8AD5DA9D6E025AD5CE56B5E1744ECDCE1E3BE5478BFB0728B051FA1B43905A5DAE9B91BF524E9319FD96AD807145C01FC04D8FC6FEC7A25BF85B18F81A5CD0BBE5C07B9CEC8DD401E2B7C3FE57DF7F380A9EC67F31728B7E13E548F2E6202EF0FB07D669A54EDC03932FF8E7F952FE330D0DF92630FED0BBD63DDB4605D9B903A7343B069B7B8F10AC0E026C0D9
Expired:False
Name:ADMIN@LOCALHOST
Name:ADMIN@LOCALHOST
IsAuthenticated:True
2018-05-10 11:03:22 - 22cqucjA.D.p109818e3A.D.kqcb3oi9r:1.RetrieveUser:HttpContext.Current.Session:scqucjgpdffyemgkqcbmoifr
2018-05-10 11:03:22 - 22cqucjA.D.p109818e3A.D.kqcb3oi9r:2.RetrieveUser:HttpContext.Current.Session:System.Data.Entity.DynamicProxies.UserLogin_9D0972F23C7A12C3F66AF7F2A5BD6C3B13088F99F2498F1E659DB4BB14BB6122
Expires:01/01/0001 00:00:00
Data:7ADE2BE8706C13A24A440F1C63DD1E328DE4F8AD5DA9D6E025AD5CE56B5E1744ECDCE1E3BE5478BFB0728B051FA1B43905A5DAE9B91BF524E9319FD96AD807145C01FC04D8FC6FEC7A25BF85B18F81A5CD0BBE5C07B9CEC8DD401E2B7C3FE57DF7F380A9EC67F31728B7E13E548F2E6202EF0FB07D669A54EDC03932FF8E7F952FE330D0DF92630FED0BBD63DDB4605D9B903A7343B069B7B8F10AC0E026C0D9
Expired:False
Name:ADMIN@LOCALHOST
Name:ADMIN@LOCALHOST
IsAuthenticated:True
2018-05-10 11:03:29 - 29cqucjA.D.p107218e3A.D.kqcb3oi7r:1.RetrieveUser:HttpContext.Current.Session:scqucjgpdffyemgkqcbmoifr
2018-05-10 11:03:29 - 29cqucjA.D.p107218e3A.D.kqcb3oi7r:2.RetrieveUser:HttpContext.Current.Session:System.Data.Entity.DynamicProxies.UserLogin_9D0972F23C7A12C3F66AF7F2A5BD6C3B13088F99F2498F1E659DB4BB14BB6122
Expires:01/01/0001 00:00:00
Data:7ADE2BE8706C13A24A440F1C63DD1E328DE4F8AD5DA9D6E025AD5CE56B5E1744ECDCE1E3BE5478BFB0728B051FA1B43905A5DAE9B91BF524E9319FD96AD807145C01FC04D8FC6FEC7A25BF85B18F81A5CD0BBE5C07B9CEC8DD401E2B7C3FE57DF7F380A9EC67F31728B7E13E548F2E6202EF0FB07D669A54EDC03932FF8E7F952FE330D0DF92630FED0BBD63DDB4605D9B903A7343B069B7B8F10AC0E026C0D9
Expired:False
Name:ADMIN@LOCALHOST
Name:ADMIN@LOCALHOST
IsAuthenticated:True
2018-05-10 11:03:29 - 29cqucjA.D.p107218e3A.D.kqcb3oi7r:1.RetrieveUser:HttpContext.Current.Session:scqucjgpdffyemgkqcbmoifr
2018-05-10 11:03:29 - 29cqucjA.D.p107218e3A.D.kqcb3oi7r:2.RetrieveUser:HttpContext.Current.Session:System.Data.Entity.DynamicProxies.UserLogin_9D0972F23C7A12C3F66AF7F2A5BD6C3B13088F99F2498F1E659DB4BB14BB6122
Expires:01/01/0001 00:00:00
Data:7ADE2BE8706C13A24A440F1C63DD1E328DE4F8AD5DA9D6E025AD5CE56B5E1744ECDCE1E3BE5478BFB0728B051FA1B43905A5DAE9B91BF524E9319FD96AD807145C01FC04D8FC6FEC7A25BF85B18F81A5CD0BBE5C07B9CEC8DD401E2B7C3FE57DF7F380A9EC67F31728B7E13E548F2E6202EF0FB07D669A54EDC03932FF8E7F952FE330D0DF92630FED0BBD63DDB4605D9B903A7343B069B7B8F10AC0E026C0D9
Expired:False
Name:ADMIN@LOCALHOST
Name:ADMIN@LOCALHOST
IsAuthenticated:True
2018-05-10 11:03:29 - 29cqucjA.D.p107218e3A.D.kqcb3oi7r:1.RetrieveUser:HttpContext.Current.Session:scqucjgpdffyemgkqcbmoifr
2018-05-10 11:03:29 - 29cqucjA.D.p107218e3A.D.kqcb3oi7r:2.RetrieveUser:HttpContext.Current.Session:System.Data.Entity.DynamicProxies.UserLogin_9D0972F23C7A12C3F66AF7F2A5BD6C3B13088F99F2498F1E659DB4BB14BB6122
Expires:01/01/0001 00:00:00
Data:7ADE2BE8706C13A24A440F1C63DD1E328DE4F8AD5DA9D6E025AD5CE56B5E1744ECDCE1E3BE5478BFB0728B051FA1B43905A5DAE9B91BF524E9319FD96AD807145C01FC04D8FC6FEC7A25BF85B18F81A5CD0BBE5C07B9CEC8DD401E2B7C3FE57DF7F380A9EC67F31728B7E13E548F2E6202EF0FB07D669A54EDC03932FF8E7F952FE330D0DF92630FED0BBD63DDB4605D9B903A7343B069B7B8F10AC0E026C0D9
Expired:False
Name:ADMIN@LOCALHOST
Name:ADMIN@LOCALHOST
IsAuthenticated:True
2018-05-10 11:03:29 - 29cqucjA.D.p107318e3A.D.kqcb3oi7r:1.RetrieveUser:HttpContext.Current.Session:scqucjgpdffyemgkqcbmoifr
2018-05-10 11:03:29 - 29cqucjA.D.p107318e3A.D.kqcb3oi7r:2.RetrieveUser:HttpContext.Current.Session:System.Data.Entity.DynamicProxies.UserLogin_9D0972F23C7A12C3F66AF7F2A5BD6C3B13088F99F2498F1E659DB4BB14BB6122
Expires:01/01/0001 00:00:00
Data:7ADE2BE8706C13A24A440F1C63DD1E328DE4F8AD5DA9D6E025AD5CE56B5E1744ECDCE1E3BE5478BFB0728B051FA1B43905A5DAE9B91BF524E9319FD96AD807145C01FC04D8FC6FEC7A25BF85B18F81A5CD0BBE5C07B9CEC8DD401E2B7C3FE57DF7F380A9EC67F31728B7E13E548F2E6202EF0FB07D669A54EDC03932FF8E7F952FE330D0DF92630FED0BBD63DDB4605D9B903A7343B069B7B8F10AC0E026C0D9
Expired:False
Name:ADMIN@LOCALHOST
Name:ADMIN@LOCALHOST
IsAuthenticated:True
2018-05-10 11:03:29 - 29cqucjA.D.p107318e3A.D.kqcb3oi7r:1.RetrieveUser:HttpContext.Current.Session:scqucjgpdffyemgkqcbmoifr
2018-05-10 11:03:29 - 29cqucjA.D.p107318e3A.D.kqcb3oi7r:2.RetrieveUser:HttpContext.Current.Session:System.Data.Entity.DynamicProxies.UserLogin_9D0972F23C7A12C3F66AF7F2A5BD6C3B13088F99F2498F1E659DB4BB14BB6122
Expires:01/01/0001 00:00:00
Data:7ADE2BE8706C13A24A440F1C63DD1E328DE4F8AD5DA9D6E025AD5CE56B5E1744ECDCE1E3BE5478BFB0728B051FA1B43905A5DAE9B91BF524E9319FD96AD807145C01FC04D8FC6FEC7A25BF85B18F81A5CD0BBE5C07B9CEC8DD401E2B7C3FE57DF7F380A9EC67F31728B7E13E548F2E6202EF0FB07D669A54EDC03932FF8E7F952FE330D0DF92630FED0BBD63DDB4605D9B903A7343B069B7B8F10AC0E026C0D9
Expired:False
Name:ADMIN@LOCALHOST
Name:ADMIN@LOCALHOST
IsAuthenticated:True
2018-05-10 11:03:29 - 29cqucjA.D.p107318e3A.D.kqcb3oi7r:1.RetrieveUser:HttpContext.Current.Session:scqucjgpdffyemgkqcbmoifr
2018-05-10 11:03:29 - 29cqucjA.D.p107318e3A.D.kqcb3oi7r:2.RetrieveUser:HttpContext.Current.Session:System.Data.Entity.DynamicProxies.UserLogin_9D0972F23C7A12C3F66AF7F2A5BD6C3B13088F99F2498F1E659DB4BB14BB6122
Expires:01/01/0001 00:00:00
Data:7ADE2BE8706C13A24A440F1C63DD1E328DE4F8AD5DA9D6E025AD5CE56B5E1744ECDCE1E3BE5478BFB0728B051FA1B43905A5DAE9B91BF524E9319FD96AD807145C01FC04D8FC6FEC7A25BF85B18F81A5CD0BBE5C07B9CEC8DD401E2B7C3FE57DF7F380A9EC67F31728B7E13E548F2E6202EF0FB07D669A54EDC03932FF8E7F952FE330D0DF92630FED0BBD63DDB4605D9B903A7343B069B7B8F10AC0E026C0D9
Expired:False
Name:ADMIN@LOCALHOST
Name:ADMIN@LOCALHOST
IsAuthenticated:True
2018-05-10 11:03:29 - 29cqucjA.D.p107318e3A.D.kqcb3oi7r:1.RetrieveUser:HttpContext.Current.Session:scqucjgpdffyemgkqcbmoifr
2018-05-10 11:03:29 - 29cqucjA.D.p107318e3A.D.kqcb3oi7r:2.RetrieveUser:HttpContext.Current.Session:System.Data.Entity.DynamicProxies.UserLogin_9D0972F23C7A12C3F66AF7F2A5BD6C3B13088F99F2498F1E659DB4BB14BB6122
Expires:01/01/0001 00:00:00
Data:7ADE2BE8706C13A24A440F1C63DD1E328DE4F8AD5DA9D6E025AD5CE56B5E1744ECDCE1E3BE5478BFB0728B051FA1B43905A5DAE9B91BF524E9319FD96AD807145C01FC04D8FC6FEC7A25BF85B18F81A5CD0BBE5C07B9CEC8DD401E2B7C3FE57DF7F380A9EC67F31728B7E13E548F2E6202EF0FB07D669A54EDC03932FF8E7F952FE330D0DF92630FED0BBD63DDB4605D9B903A7343B069B7B8F10AC0E026C0D9
Expired:False
Name:ADMIN@LOCALHOST
Name:ADMIN@LOCALHOST
IsAuthenticated:True
2018-05-10 11:03:30 - 30cqucjA.D.p106818e3A.D.kqcb3oi6r:1.RetrieveUser:HttpContext.Current.Session:scqucjgpdffyemgkqcbmoifr
2018-05-10 11:03:30 - 30cqucjA.D.p106818e3A.D.kqcb3oi6r:2.RetrieveUser:HttpContext.Current.Session:System.Data.Entity.DynamicProxies.UserLogin_9D0972F23C7A12C3F66AF7F2A5BD6C3B13088F99F2498F1E659DB4BB14BB6122
Expires:01/01/0001 00:00:00
Data:7ADE2BE8706C13A24A440F1C63DD1E328DE4F8AD5DA9D6E025AD5CE56B5E1744ECDCE1E3BE5478BFB0728B051FA1B43905A5DAE9B91BF524E9319FD96AD807145C01FC04D8FC6FEC7A25BF85B18F81A5CD0BBE5C07B9CEC8DD401E2B7C3FE57DF7F380A9EC67F31728B7E13E548F2E6202EF0FB07D669A54EDC03932FF8E7F952FE330D0DF92630FED0BBD63DDB4605D9B903A7343B069B7B8F10AC0E026C0D9
Expired:False
Name:ADMIN@LOCALHOST
Name:ADMIN@LOCALHOST
IsAuthenticated:True
2018-05-10 11:03:55 - 55cqucjA.D.p108318e3A.D.kqcb3oi8r:1.RetrieveUser:HttpContext.Current.Session:scqucjgpdffyemgkqcbmoifr
2018-05-10 11:03:55 - 55cqucjA.D.p108418e3A.D.kqcb3oi8r:2.RetrieveUser:HttpContext.Current.Session:System.Data.Entity.DynamicProxies.UserLogin_9D0972F23C7A12C3F66AF7F2A5BD6C3B13088F99F2498F1E659DB4BB14BB6122
Expires:01/01/0001 00:00:00
Data:7ADE2BE8706C13A24A440F1C63DD1E328DE4F8AD5DA9D6E025AD5CE56B5E1744ECDCE1E3BE5478BFB0728B051FA1B43905A5DAE9B91BF524E9319FD96AD807145C01FC04D8FC6FEC7A25BF85B18F81A5CD0BBE5C07B9CEC8DD401E2B7C3FE57DF7F380A9EC67F31728B7E13E548F2E6202EF0FB07D669A54EDC03932FF8E7F952FE330D0DF92630FED0BBD63DDB4605D9B903A7343B069B7B8F10AC0E026C0D9
Expired:False
Name:ADMIN@LOCALHOST
Name:ADMIN@LOCALHOST
IsAuthenticated:True
2018-05-10 11:03:55 - 55cqucjA.D.p108418e3A.D.kqcb3oi8r:1.RetrieveUser:HttpContext.Current.Session:scqucjgpdffyemgkqcbmoifr
2018-05-10 11:03:55 - 55cqucjA.D.p108418e3A.D.kqcb3oi8r:2.RetrieveUser:HttpContext.Current.Session:System.Data.Entity.DynamicProxies.UserLogin_9D0972F23C7A12C3F66AF7F2A5BD6C3B13088F99F2498F1E659DB4BB14BB6122
Expires:01/01/0001 00:00:00
Data:7ADE2BE8706C13A24A440F1C63DD1E328DE4F8AD5DA9D6E025AD5CE56B5E1744ECDCE1E3BE5478BFB0728B051FA1B43905A5DAE9B91BF524E9319FD96AD807145C01FC04D8FC6FEC7A25BF85B18F81A5CD0BBE5C07B9CEC8DD401E2B7C3FE57DF7F380A9EC67F31728B7E13E548F2E6202EF0FB07D669A54EDC03932FF8E7F952FE330D0DF92630FED0BBD63DDB4605D9B903A7343B069B7B8F10AC0E026C0D9
Expired:False
Name:ADMIN@LOCALHOST
Name:ADMIN@LOCALHOST
IsAuthenticated:True
2018-05-10 11:03:55 - 55cqucjA.D.p108418e3A.D.kqcb3oi8r:1.RetrieveUser:HttpContext.Current.Session:scqucjgpdffyemgkqcbmoifr
2018-05-10 11:03:55 - 55cqucjA.D.p108418e3A.D.kqcb3oi8r:2.RetrieveUser:HttpContext.Current.Session:System.Data.Entity.DynamicProxies.UserLogin_9D0972F23C7A12C3F66AF7F2A5BD6C3B13088F99F2498F1E659DB4BB14BB6122
Expires:01/01/0001 00:00:00
Data:7ADE2BE8706C13A24A440F1C63DD1E328DE4F8AD5DA9D6E025AD5CE56B5E1744ECDCE1E3BE5478BFB0728B051FA1B43905A5DAE9B91BF524E9319FD96AD807145C01FC04D8FC6FEC7A25BF85B18F81A5CD0BBE5C07B9CEC8DD401E2B7C3FE57DF7F380A9EC67F31728B7E13E548F2E6202EF0FB07D669A54EDC03932FF8E7F952FE330D0DF92630FED0BBD63DDB4605D9B903A7343B069B7B8F10AC0E026C0D9
Expired:False
Name:ADMIN@LOCALHOST
Name:ADMIN@LOCALHOST
IsAuthenticated:True
2018-05-10 11:03:55 - 55cqucjA.D.p108418e3A.D.kqcb3oi8r:1.RetrieveUser:HttpContext.Current.Session:scqucjgpdffyemgkqcbmoifr
2018-05-10 11:03:55 - 55cqucjA.D.p108418e3A.D.kqcb3oi8r:2.RetrieveUser:HttpContext.Current.Session:System.Data.Entity.DynamicProxies.UserLogin_9D0972F23C7A12C3F66AF7F2A5BD6C3B13088F99F2498F1E659DB4BB14BB6122
Expires:01/01/0001 00:00:00
Data:7ADE2BE8706C13A24A440F1C63DD1E328DE4F8AD5DA9D6E025AD5CE56B5E1744ECDCE1E3BE5478BFB0728B051FA1B43905A5DAE9B91BF524E9319FD96AD807145C01FC04D8FC6FEC7A25BF85B18F81A5CD0BBE5C07B9CEC8DD401E2B7C3FE57DF7F380A9EC67F31728B7E13E548F2E6202EF0FB07D669A54EDC03932FF8E7F952FE330D0DF92630FED0BBD63DDB4605D9B903A7343B069B7B8F10AC0E026C0D9
Expired:False
Name:ADMIN@LOCALHOST
Name:ADMIN@LOCALHOST
IsAuthenticated:True
2018-05-10 11:03:55 - 55cqucjA.D.p108518e3A.D.kqcb3oi8r:1.RetrieveUser:HttpContext.Current.Session:scqucjgpdffyemgkqcbmoifr
2018-05-10 11:03:55 - 55cqucjA.D.p108518e3A.D.kqcb3oi8r:2.RetrieveUser:HttpContext.Current.Session:System.Data.Entity.DynamicProxies.UserLogin_9D0972F23C7A12C3F66AF7F2A5BD6C3B13088F99F2498F1E659DB4BB14BB6122
Expires:01/01/0001 00:00:00
Data:7ADE2BE8706C13A24A440F1C63DD1E328DE4F8AD5DA9D6E025AD5CE56B5E1744ECDCE1E3BE5478BFB0728B051FA1B43905A5DAE9B91BF524E9319FD96AD807145C01FC04D8FC6FEC7A25BF85B18F81A5CD0BBE5C07B9CEC8DD401E2B7C3FE57DF7F380A9EC67F31728B7E13E548F2E6202EF0FB07D669A54EDC03932FF8E7F952FE330D0DF92630FED0BBD63DDB4605D9B903A7343B069B7B8F10AC0E026C0D9
Expired:False
Name:ADMIN@LOCALHOST
Name:ADMIN@LOCALHOST
IsAuthenticated:True
----- EAGER LOAD DETAILS -----
BDSEmpNewsWorkplaces
----- EAGER LOAD DETAILS -----
BDSEmpNewsWorkplaces
----- EAGER LOAD DETAILS -----
BDSEmpNewsWorkplaces
----- EAGER LOAD DETAILS -----
BDSEmpNewsWorkplaces
----- EAGER LOAD DETAILS -----
BDSEmpNewsWorkplaces
----- EAGER LOAD DETAILS -----
BDSEmpNewsWorkplaces
----- EAGER LOAD DETAILS -----
BDSEmpNewsWorkplaces
----- EAGER LOAD DETAILS -----
BDSEmpNewsWorkplaces
----- EAGER LOAD DETAILS -----
BDSEmpNewsWorkplaces
----- EAGER LOAD DETAILS -----
BDSEmpNewsWorkplaces
----- EAGER LOAD DETAILS -----
BDSEmpNewsWorkplaces
----- EAGER LOAD DETAILS -----
BDSEmpNewsWorkplaces
----- EAGER LOAD DETAILS -----
BDSEmpNewsWorkplaces
----- EAGER LOAD DETAILS -----
BDSEmpNewsWorkplaces
----- EAGER LOAD DETAILS -----
BDSEmpNewsWorkplaces
----- EAGER LOAD DETAILS -----
BDSEmpNewsWorkplaces
----- EAGER LOAD DETAILS -----
BDSEmpNewsWorkplaces
----- EAGER LOAD DETAILS -----
BDSEmpNewsWorkplaces
----- EAGER LOAD DETAILS -----
BDSEmpNewsWorkplaces
----- EAGER LOAD DETAILS -----
BDSEmpNewsWorkplaces
----- EAGER LOAD DETAILS -----
BDSEmpNewsWorkplaces
----- EAGER LOAD DETAILS -----
BDSEmpNewsWorkplaces
----- EAGER LOAD DETAILS -----
BDSEmpNewsWorkplaces
----- EAGER LOAD DETAILS -----
BDSEmpNewsWorkplaces
----- EAGER LOAD DETAILS -----
BDSEmpNewsWorkplaces
----- EAGER LOAD DETAILS -----
BDSEmpNewsWorkplaces
----- EAGER LOAD DETAILS -----
BDSEmpNewsWorkplaces
----- EAGER LOAD DETAILS -----
BDSEmpNewsWorkplaces
----- EAGER LOAD DETAILS -----
BDSEmpNewsWorkplaces
----- EAGER LOAD DETAILS -----
BDSEmpNewsWorkplaces
----- EAGER LOAD DETAILS -----
BDSEmpNewsWorkplaces
----- EAGER LOAD DETAILS -----
BDSEmpNewsWorkplaces
----- EAGER LOAD DETAILS -----
BDSEmpNewsWorkplaces
----- EAGER LOAD DETAILS -----
BDSEmpNewsWorkplaces
----- EAGER LOAD DETAILS -----
BDSEmpNewsWorkplaces
----- EAGER LOAD DETAILS -----
BDSEmpNewsWorkplaces
----- EAGER LOAD DETAILS -----
BDSEmpNewsWorkplaces
----- EAGER LOAD DETAILS -----
BDSEmpNewsWorkplaces
----- EAGER LOAD DETAILS -----
BDSEmpNewsWorkplaces
----- EAGER LOAD DETAILS -----
BDSEmpNewsWorkplaces
----- EAGER LOAD DETAILS -----
BDSEmpNewsWorkplaces
----- EAGER LOAD DETAILS -----
BDSEmpNewsWorkplaces
----- EAGER LOAD DETAILS -----
BDSEmpNewsWorkplaces
----- EAGER LOAD DETAILS -----
BDSEmpNewsWorkplaces
----- EAGER LOAD DETAILS -----
BDSEmpNewsWorkplaces
